2018/07/07 11:21:29 Match Handler started
2018/07/07 11:21:59 Number of client(s) connected:3
2018/07/07 11:21:59 Thread ServerPlayer 0 Started
2018/07/07 11:21:59 Thread ServerPlayer 1 Started
2018/07/07 11:21:59 Thread ServerPlayer 2 Started
2018/07/07 11:21:59 >>>Match Handler0: Connection Phase Ended
2018/07/07 11:21:59 Number of window cards found: 13
2018/07/07 11:21:59 
public objectives for this game:
Sfumature Chiare
Diagonali Colorate
Sfumature Diverse - Colonna

2018/07/07 11:21:59 tools for this game:
Taglierina circolare
Riga in Sughero
Riga in Sughero

2018/07/07 11:21:59 Setup Phase started
2018/07/07 11:22:00 User: d Added
2018/07/07 11:22:00 User: a Added
2018/07/07 11:22:00 User: s Added
2018/07/07 11:22:03 User: d Window initialized 
2018/07/07 11:22:03 User: d Tools and Objectives initialized 
2018/07/07 11:22:08 User: s Window initialized 
2018/07/07 11:22:08 User: s Tools and Objectives initialized 
2018/07/07 11:22:12 User: a Window initialized 
2018/07/07 11:22:12 User: a Tools and Objectives initialized 
2018/07/07 11:22:12 Setup Phase ended
2018/07/07 11:22:12 Game Phase started
2018/07/07 11:22:12 turn 1
2018/07/07 11:22:12 Dadiera Mixed
2018/07/07 11:22:12 Turn of:d
