2018/07/07 11:23:38 Match Handler started
2018/07/07 11:23:50 Number of client(s) connected:2
2018/07/07 11:23:50 Thread ServerPlayer 0 Started
2018/07/07 11:23:50 Thread ServerPlayer 1 Started
2018/07/07 11:23:50 >>>Match Handler0: Connection Phase Ended
2018/07/07 11:23:50 Number of window cards found: 13
2018/07/07 11:23:50 
public objectives for this game:
Sfumature Diverse
Sfumature Medie
Sfumature Diverse - Colonna

2018/07/07 11:23:50 tools for this game:
Martelletto
Diluente per Pasta Salda
Diluente per Pasta Salda

2018/07/07 11:23:50 Setup Phase started
2018/07/07 11:23:50 User: a Added
2018/07/07 11:23:50 User: s Added
2018/07/07 11:23:53 User: s Window initialized 
2018/07/07 11:23:53 User: s Tools and Objectives initialized 
2018/07/07 11:23:56 User: a Window initialized 
2018/07/07 11:23:56 User: a Tools and Objectives initialized 
2018/07/07 11:23:56 Setup Phase ended
2018/07/07 11:23:56 Game Phase started
2018/07/07 11:23:56 turn 1
2018/07/07 11:23:56 Dadiera Mixed
2018/07/07 11:23:56 Turn of:a
2018/07/07 11:23:58 (User: a)player disconnected cause client late in response
2018/07/07 11:23:58 The game is ended, count of players' point
2018/07/07 11:23:58 (User:a) Impossible to communicate to user results of match
2018/07/07 11:23:58 The game is ended, MatchHandler closing
