2018/05/06 13:31:30 Server Started
2018/05/06 13:31:30 
Server waiting for client on port 6000
2018/05/06 13:31:35 Client accepted
2018/05/06 13:31:35 
Server waiting for client on port 6000
2018/05/06 13:31:38 Client accepted
2018/05/06 13:31:38 Number of Client connected:2
2018/05/06 13:31:38 Thread ServerPlayer 0 Started
2018/05/06 13:31:38 Thread ServerPlayer 1 Started
2018/05/06 13:31:38 Setup Phase started
2018/05/06 13:31:40 User: A Added
2018/05/06 13:31:40 User: A Window initialized: resources/vetrate/xml/kaleidoscopic_dream.xml
2018/05/06 13:31:43 User: B Added
2018/05/06 13:31:43 (User:B)Client is out of reach
	Server.ServerConnectionHandler.chooseWindow(ServerConnectionHandler.java:173)
	Server.ServerPlayer.initializeWindow(ServerPlayer.java:141)
	Server.ServerPlayer.run(ServerPlayer.java:49)
	java.lang.Thread.run(Thread.java:745)
2018/05/06 13:31:43 Setup Phase ended
2018/05/06 13:31:43 Game Phase started
2018/05/06 13:31:43 Dadiera Mixed
2018/05/06 13:31:43 Turn of:A
2018/05/06 13:31:45 Turn of:A
2018/05/06 13:31:47 Turn of:A
2018/05/06 13:31:49 Turn of:A
2018/05/06 13:31:51 Turn of:A
2018/05/06 13:31:53 Turn of:A
2018/05/06 13:31:55 Turn of:A
2018/05/06 13:31:57 Turn of:A
2018/05/06 13:31:59 Turn of:A
